<?xml version="1.0" encoding="UTF-8"?>
<!-- Generated by org.testng.reporters.JUnitXMLReporter -->
<testsuite ignored="0" hostname="LE15-RBE4-IND" failures="0" tests="3" name="Default test" time="32.718" errors="0" timestamp="2022-06-26T23:02:00 IST">
  <testcase classname="com.technocredits.orghrm.testscripts.TC_1_LoginTest" name="loginInvalidCredentailsTest" time="0.007"/>
  <testcase classname="com.technocredits.orghrm.testscripts.TC_1_LoginTest" name="loginTest" time="32.679"/>
  <testcase classname="com.technocredits.orghrm.testscripts.TC_1_LoginTest" name="loginUIValidationTest" time="0.001"/>
</testsuite> <!-- Default test -->
