<?xml version="1.0" encoding="UTF-8"?>
<testng-results ignored="0" total="1" passed="1" failed="0" skipped="0">
  <reporter-output>
  </reporter-output>
  <suite started-at="2022-07-02T00:36:18 IST" name="Default suite" finished-at="2022-07-02T00:37:06 IST" duration-ms="48924">
    <groups>
    </groups>
    <test started-at="2022-07-02T00:36:18 IST" name="Default test" finished-at="2022-07-02T00:37:06 IST" duration-ms="48924">
      <class name="com.technocredits.orghrm.testscripts.TC_3_SettingsAbout">
        <test-method signature="TC3_SettingsAbout()[pri:0, instance:com.technocredits.orghrm.testscripts.TC_3_SettingsAbout@306cf3ea]" started-at="2022-07-02T00:36:18 IST" name="TC3_SettingsAbout" finished-at="2022-07-02T00:37:06 IST" duration-ms="48889" status="PASS">
          <reporter-output>
          </reporter-output>
        </test-method> <!-- TC3_SettingsAbout -->
      </class> <!-- com.technocredits.orghrm.testscripts.TC_3_SettingsAbout -->
    </test> <!-- Default test -->
  </suite> <!-- Default suite -->
</testng-results>
