<?xml version="1.0" encoding="UTF-8"?>
<testng-results ignored="0" total="3" passed="3" failed="0" skipped="0">
  <reporter-output>
  </reporter-output>
  <suite started-at="2022-06-26T23:01:27 IST" name="Default suite" finished-at="2022-06-26T23:02:00 IST" duration-ms="32718">
    <groups>
    </groups>
    <test started-at="2022-06-26T23:01:27 IST" name="Default test" finished-at="2022-06-26T23:02:00 IST" duration-ms="32718">
      <class name="com.technocredits.orghrm.testscripts.TC_1_LoginTest">
        <test-method signature="loginInvalidCredentailsTest()[pri:0, instance:com.technocredits.orghrm.testscripts.TC_1_LoginTest@5136d012]" started-at="2022-06-26T23:01:27 IST" name="loginInvalidCredentailsTest" finished-at="2022-06-26T23:01:27 IST" duration-ms="7" status="PASS">
          <reporter-output>
          </reporter-output>
        </test-method> <!-- loginInvalidCredentailsTest -->
        <test-method signature="loginTest()[pri:0, instance:com.technocredits.orghrm.testscripts.TC_1_LoginTest@5136d012]" started-at="2022-06-26T23:01:27 IST" name="loginTest" finished-at="2022-06-26T23:02:00 IST" duration-ms="32679" status="PASS">
          <reporter-output>
          </reporter-output>
        </test-method> <!-- loginTest -->
        <test-method signature="loginUIValidationTest()[pri:0, instance:com.technocredits.orghrm.testscripts.TC_1_LoginTest@5136d012]" started-at="2022-06-26T23:02:00 IST" name="loginUIValidationTest" finished-at="2022-06-26T23:02:00 IST" duration-ms="1" status="PASS">
          <reporter-output>
          </reporter-output>
        </test-method> <!-- loginUIValidationTest -->
      </class> <!-- com.technocredits.orghrm.testscripts.TC_1_LoginTest -->
    </test> <!-- Default test -->
  </suite> <!-- Default suite -->
</testng-results>
